
    PIN NAME                           SURNAME                                  DOB                EMAIL                                    GENDER            AGE TITLE                                                                                                                                     
------- ------------------------------ ---------------------------------------- ------------------ ---------------------------------------- ---------- ---------- --------                                                                                                                                  
    945 ZdenÄ›k                         NavrĂˇtil                                 27-AUG-85          yzecÄ›k.cavuĂˇsir_85@seznam.cz             Muž              34.5 -                                                                                                                                         

Elapsed: 00:00:07.87

Execution Plan
----------------------------------------------------------                                                                                                                                                                                                                                                  
Plan hash value: 1732027130                                                                                                                                                                                                                                                                                 
                                                                                                                                                                                                                                                                                                            
----------------------------------------------------------------------------------------------------------                                                                                                                                                                                                  
| Id  | Operation                   | Name               | Rows  | Bytes |TempSpc| Cost (%CPU)| Time     |                                                                                                                                                                                                  
----------------------------------------------------------------------------------------------------------                                                                                                                                                                                                  
|   0 | SELECT STATEMENT            |                    |     1 |    67 |       | 18711   (1)| 00:00:01 |                                                                                                                                                                                                  
|*  1 |  VIEW                       |                    |  1062K|    60M|       | 18708   (1)| 00:00:01 |                                                                                                                                                                                                  
|*  2 |   WINDOW SORT PUSHED RANK   |                    |  1062K|    38M|    48M| 18708   (1)| 00:00:01 |                                                                                                                                                                                                  
|*  3 |    HASH JOIN                |                    |  1062K|    38M|       |  8225   (1)| 00:00:01 |                                                                                                                                                                                                  
|   4 |     TABLE ACCESS FULL       | G_TITLE            |    29 |   290 |       |     3   (0)| 00:00:01 |                                                                                                                                                                                                  
|*  5 |     HASH JOIN               |                    |  1062K|    28M|    19M|  8217   (1)| 00:00:01 |                                                                                                                                                                                                  
|   6 |      INDEX FAST FULL SCAN   | R_CV_PIN_ID_CV_IDX |   936K|  9145K|       |   724   (1)| 00:00:01 |                                                                                                                                                                                                  
|*  7 |      TABLE ACCESS FULL      | R_CV_EDU_HIST      |  1062K|    18M|       |  4996   (2)| 00:00:01 |                                                                                                                                                                                                  
|*  8 |  TABLE ACCESS BY INDEX ROWID| R_WORKER           |     1 |    67 |       |     3   (0)| 00:00:01 |                                                                                                                                                                                                  
|*  9 |   INDEX UNIQUE SCAN         | R_WR_PIN_PK_IDX    |     1 |       |       |     2   (0)| 00:00:01 |                                                                                                                                                                                                  
----------------------------------------------------------------------------------------------------------                                                                                                                                                                                                  
                                                                                                                                                                                                                                                                                                            
Predicate Information (identified by operation id):                                                                                                                                                                                                                                                         
---------------------------------------------------                                                                                                                                                                                                                                                         
                                                                                                                                                                                                                                                                                                            
   1 - filter("RWN"=1 AND "PIN"=:B1)                                                                                                                                                                                                                                                                        
   2 - filter(ROW_NUMBER() OVER ( PARTITION BY "CV"."ID_CV" ORDER BY                                                                                                                                                                                                                                        
              INTERNAL_FUNCTION("CEH"."END_DATE") DESC )<=1)                                                                                                                                                                                                                                                
   3 - access("TIT"."ID_TIT"="CEH"."ID_TIT")                                                                                                                                                                                                                                                                
   5 - access("CV"."ID_CV"="CEH"."ID_CV")                                                                                                                                                                                                                                                                   
   7 - filter("CEH"."ID_TIT" IS NOT NULL AND "CEH"."STATUS"='A')                                                                                                                                                                                                                                            
   8 - filter(("WR"."ID_WS"=1 OR "WR"."ID_WS"=2 OR "WR"."ID_WS"=3) AND "WR"."STATUS"='A')                                                                                                                                                                                                                   
   9 - access("WR"."PIN"=945)                                                                                                                                                                                                                                                                               


Statistics
----------------------------------------------------------                                                                                                                                                                                                                                                  
        105  recursive calls                                                                                                                                                                                                                                                                                
          8  db block gets                                                                                                                                                                                                                                                                                  
      22087  consistent gets                                                                                                                                                                                                                                                                                
      29976  physical reads                                                                                                                                                                                                                                                                                 
        760  redo size                                                                                                                                                                                                                                                                                      
       1072  bytes sent via SQL*Net to client                                                                                                                                                                                                                                                               
        608  bytes received via SQL*Net from client                                                                                                                                                                                                                                                         
          2  SQL*Net roundtrips to/from client                                                                                                                                                                                                                                                              
          0  sorts (memory)                                                                                                                                                                                                                                                                                 
          1  sorts (disk)                                                                                                                                                                                                                                                                                   
          1  rows processed                                                                                                                                                                                                                                                                                 


PL/SQL procedure successfully completed.

Elapsed: 00:00:10.01
