
PL/SQL procedure successfully completed.

Elapsed: 00:00:00.00

no rows selected

Elapsed: 00:00:29.70

Execution Plan
----------------------------------------------------------                                                                                                                                                                                                                                                  
Plan hash value: 1400962342                                                                                                                                                                                                                                                                                 
                                                                                                                                                                                                                                                                                                            
--------------------------------------------------------------------------------------------------------                                                                                                                                                                                                    
| Id  | Operation                 | Name               | Rows  | Bytes |TempSpc| Cost (%CPU)| Time     |                                                                                                                                                                                                    
--------------------------------------------------------------------------------------------------------                                                                                                                                                                                                    
|   0 | SELECT STATEMENT          |                    |  1063K|  1196M|       | 42065   (1)| 00:00:02 |                                                                                                                                                                                                    
|*  1 |  VIEW                     |                    |  1063K|  1196M|       | 42065   (1)| 00:00:02 |                                                                                                                                                                                                    
|*  2 |   WINDOW SORT PUSHED RANK |                    |  1063K|   104M|   115M| 42065   (1)| 00:00:02 |                                                                                                                                                                                                    
|*  3 |    HASH JOIN              |                    |  1063K|   104M|       | 17123   (1)| 00:00:01 |                                                                                                                                                                                                    
|   4 |     TABLE ACCESS FULL     | G_TITLE            |    29 |   290 |       |     3   (0)| 00:00:01 |                                                                                                                                                                                                    
|*  5 |     HASH JOIN             |                    |  1063K|    94M|    38M| 17116   (1)| 00:00:01 |                                                                                                                                                                                                    
|*  6 |      HASH JOIN            |                    |  1063K|    26M|    19M|  8097   (1)| 00:00:01 |                                                                                                                                                                                                    
|   7 |       INDEX FAST FULL SCAN| R_CV_PIN_ID_CV_IDX |   936K|  9145K|       |   724   (1)| 00:00:01 |                                                                                                                                                                                                    
|*  8 |       TABLE ACCESS FULL   | R_CV_EDU_HIST      |  1063K|    16M|       |  4976   (1)| 00:00:01 |                                                                                                                                                                                                    
|*  9 |      TABLE ACCESS FULL    | R_WORKER           |   936K|    59M|       |  3595   (1)| 00:00:01 |                                                                                                                                                                                                    
--------------------------------------------------------------------------------------------------------                                                                                                                                                                                                    
                                                                                                                                                                                                                                                                                                            
Predicate Information (identified by operation id):                                                                                                                                                                                                                                                         
---------------------------------------------------                                                                                                                                                                                                                                                         
                                                                                                                                                                                                                                                                                                            
   1 - filter("PIN"=TO_NUMBER(:PIN) AND "RWN"=1)                                                                                                                                                                                                                                                            
   2 - filter(ROW_NUMBER() OVER ( PARTITION BY "CEH"."ID_CV" ORDER BY                                                                                                                                                                                                                                       
              INTERNAL_FUNCTION("CEH"."END_DATE") DESC )<=1)                                                                                                                                                                                                                                                
   3 - access("CEH"."ID_TIT"="TIT"."ID_TIT")                                                                                                                                                                                                                                                                
   5 - access("CV"."PIN"="WR"."PIN")                                                                                                                                                                                                                                                                        
   6 - access("CV"."ID_CV"="CEH"."ID_CV")                                                                                                                                                                                                                                                                   
   8 - filter("CEH"."ID_TIT" IS NOT NULL)                                                                                                                                                                                                                                                                   
   9 - filter(("WR"."ID_WS"=1 OR "WR"."ID_WS"=2 OR "WR"."ID_WS"=3) AND "WR"."STATUS"='A')                                                                                                                                                                                                                   
                                                                                                                                                                                                                                                                                                            
Note                                                                                                                                                                                                                                                                                                        
-----                                                                                                                                                                                                                                                                                                       
   - this is an adaptive plan                                                                                                                                                                                                                                                                               


Statistics
----------------------------------------------------------                                                                                                                                                                                                                                                  
        211  recursive calls                                                                                                                                                                                                                                                                                
         17  db block gets                                                                                                                                                                                                                                                                                  
      35251  consistent gets                                                                                                                                                                                                                                                                                
      45419  physical reads                                                                                                                                                                                                                                                                                 
          0  redo size                                                                                                                                                                                                                                                                                      
        806  bytes sent via SQL*Net to client                                                                                                                                                                                                                                                               
        597  bytes received via SQL*Net from client                                                                                                                                                                                                                                                         
          1  SQL*Net roundtrips to/from client                                                                                                                                                                                                                                                              
          0  sorts (memory)                                                                                                                                                                                                                                                                                 
          1  sorts (disk)                                                                                                                                                                                                                                                                                   
          0  rows processed                                                                                                                                                                                                                                                                                 


PL/SQL procedure successfully completed.

Elapsed: 00:00:10.01

PL/SQL procedure successfully completed.

Elapsed: 00:00:00.00

    PIN NAME                           SURNAME                                  DOB                EMAIL                                    GENDER            AGE TITLE                                                                                                                                     
------- ------------------------------ ---------------------------------------- ------------------ ---------------------------------------- ---------- ---------- --------                                                                                                                                  
   8039 Ilona                          MarkovĂˇ                                  01-MAR-77          maukovĂˇ_iroca-77@centrum.cz              Žena               43 -                                                                                                                                         

Elapsed: 00:00:30.59

Execution Plan
----------------------------------------------------------                                                                                                                                                                                                                                                  
Plan hash value: 1400962342                                                                                                                                                                                                                                                                                 
                                                                                                                                                                                                                                                                                                            
--------------------------------------------------------------------------------------------------------                                                                                                                                                                                                    
| Id  | Operation                 | Name               | Rows  | Bytes |TempSpc| Cost (%CPU)| Time     |                                                                                                                                                                                                    
--------------------------------------------------------------------------------------------------------                                                                                                                                                                                                    
|   0 | SELECT STATEMENT          |                    |  1063K|  1196M|       | 42065   (1)| 00:00:02 |                                                                                                                                                                                                    
|*  1 |  VIEW                     |                    |  1063K|  1196M|       | 42065   (1)| 00:00:02 |                                                                                                                                                                                                    
|*  2 |   WINDOW SORT PUSHED RANK |                    |  1063K|   104M|   115M| 42065   (1)| 00:00:02 |                                                                                                                                                                                                    
|*  3 |    HASH JOIN              |                    |  1063K|   104M|       | 17123   (1)| 00:00:01 |                                                                                                                                                                                                    
|   4 |     TABLE ACCESS FULL     | G_TITLE            |    29 |   290 |       |     3   (0)| 00:00:01 |                                                                                                                                                                                                    
|*  5 |     HASH JOIN             |                    |  1063K|    94M|    38M| 17116   (1)| 00:00:01 |                                                                                                                                                                                                    
|*  6 |      HASH JOIN            |                    |  1063K|    26M|    19M|  8097   (1)| 00:00:01 |                                                                                                                                                                                                    
|   7 |       INDEX FAST FULL SCAN| R_CV_PIN_ID_CV_IDX |   936K|  9145K|       |   724   (1)| 00:00:01 |                                                                                                                                                                                                    
|*  8 |       TABLE ACCESS FULL   | R_CV_EDU_HIST      |  1063K|    16M|       |  4976   (1)| 00:00:01 |                                                                                                                                                                                                    
|*  9 |      TABLE ACCESS FULL    | R_WORKER           |   936K|    59M|       |  3595   (1)| 00:00:01 |                                                                                                                                                                                                    
--------------------------------------------------------------------------------------------------------                                                                                                                                                                                                    
                                                                                                                                                                                                                                                                                                            
Predicate Information (identified by operation id):                                                                                                                                                                                                                                                         
---------------------------------------------------                                                                                                                                                                                                                                                         
                                                                                                                                                                                                                                                                                                            
   1 - filter("PIN"=TO_NUMBER(:PIN) AND "RWN"=1)                                                                                                                                                                                                                                                            
   2 - filter(ROW_NUMBER() OVER ( PARTITION BY "CEH"."ID_CV" ORDER BY                                                                                                                                                                                                                                       
              INTERNAL_FUNCTION("CEH"."END_DATE") DESC )<=1)                                                                                                                                                                                                                                                
   3 - access("CEH"."ID_TIT"="TIT"."ID_TIT")                                                                                                                                                                                                                                                                
   5 - access("CV"."PIN"="WR"."PIN")                                                                                                                                                                                                                                                                        
   6 - access("CV"."ID_CV"="CEH"."ID_CV")                                                                                                                                                                                                                                                                   
   8 - filter("CEH"."ID_TIT" IS NOT NULL)                                                                                                                                                                                                                                                                   
   9 - filter(("WR"."ID_WS"=1 OR "WR"."ID_WS"=2 OR "WR"."ID_WS"=3) AND "WR"."STATUS"='A')                                                                                                                                                                                                                   
                                                                                                                                                                                                                                                                                                            
Note                                                                                                                                                                                                                                                                                                        
-----                                                                                                                                                                                                                                                                                                       
   - this is an adaptive plan                                                                                                                                                                                                                                                                               


Statistics
----------------------------------------------------------                                                                                                                                                                                                                                                  
        211  recursive calls                                                                                                                                                                                                                                                                                
         17  db block gets                                                                                                                                                                                                                                                                                  
      35272  consistent gets                                                                                                                                                                                                                                                                                
      45421  physical reads                                                                                                                                                                                                                                                                                 
          0  redo size                                                                                                                                                                                                                                                                                      
       1067  bytes sent via SQL*Net to client                                                                                                                                                                                                                                                               
        608  bytes received via SQL*Net from client                                                                                                                                                                                                                                                         
          2  SQL*Net roundtrips to/from client                                                                                                                                                                                                                                                              
          0  sorts (memory)                                                                                                                                                                                                                                                                                 
          1  sorts (disk)                                                                                                                                                                                                                                                                                   
          1  rows processed                                                                                                                                                                                                                                                                                 


PL/SQL procedure successfully completed.

Elapsed: 00:00:10.00

PL/SQL procedure successfully completed.

Elapsed: 00:00:00.01

    PIN NAME                           SURNAME                                  DOB                EMAIL                                    GENDER            AGE TITLE                                                                                                                                     
------- ------------------------------ ---------------------------------------- ------------------ ---------------------------------------- ---------- ---------- --------                                                                                                                                  
  16939 Karel                          HurdĂˇlek                                 12-JUL-00          heuzĂˇrekkauer-00@gmail.com               Muž              19.6 Bc.                                                                                                                                       

Elapsed: 00:00:25.24

Execution Plan
----------------------------------------------------------                                                                                                                                                                                                                                                  
Plan hash value: 1400962342                                                                                                                                                                                                                                                                                 
                                                                                                                                                                                                                                                                                                            
--------------------------------------------------------------------------------------------------------                                                                                                                                                                                                    
| Id  | Operation                 | Name               | Rows  | Bytes |TempSpc| Cost (%CPU)| Time     |                                                                                                                                                                                                    
--------------------------------------------------------------------------------------------------------                                                                                                                                                                                                    
|   0 | SELECT STATEMENT          |                    |  1063K|  1196M|       | 42065   (1)| 00:00:02 |                                                                                                                                                                                                    
|*  1 |  VIEW                     |                    |  1063K|  1196M|       | 42065   (1)| 00:00:02 |                                                                                                                                                                                                    
|*  2 |   WINDOW SORT PUSHED RANK |                    |  1063K|   104M|   115M| 42065   (1)| 00:00:02 |                                                                                                                                                                                                    
|*  3 |    HASH JOIN              |                    |  1063K|   104M|       | 17123   (1)| 00:00:01 |                                                                                                                                                                                                    
|   4 |     TABLE ACCESS FULL     | G_TITLE            |    29 |   290 |       |     3   (0)| 00:00:01 |                                                                                                                                                                                                    
|*  5 |     HASH JOIN             |                    |  1063K|    94M|    38M| 17116   (1)| 00:00:01 |                                                                                                                                                                                                    
|*  6 |      HASH JOIN            |                    |  1063K|    26M|    19M|  8097   (1)| 00:00:01 |                                                                                                                                                                                                    
|   7 |       INDEX FAST FULL SCAN| R_CV_PIN_ID_CV_IDX |   936K|  9145K|       |   724   (1)| 00:00:01 |                                                                                                                                                                                                    
|*  8 |       TABLE ACCESS FULL   | R_CV_EDU_HIST      |  1063K|    16M|       |  4976   (1)| 00:00:01 |                                                                                                                                                                                                    
|*  9 |      TABLE ACCESS FULL    | R_WORKER           |   936K|    59M|       |  3595   (1)| 00:00:01 |                                                                                                                                                                                                    
--------------------------------------------------------------------------------------------------------                                                                                                                                                                                                    
                                                                                                                                                                                                                                                                                                            
Predicate Information (identified by operation id):                                                                                                                                                                                                                                                         
---------------------------------------------------                                                                                                                                                                                                                                                         
                                                                                                                                                                                                                                                                                                            
   1 - filter("PIN"=TO_NUMBER(:PIN) AND "RWN"=1)                                                                                                                                                                                                                                                            
   2 - filter(ROW_NUMBER() OVER ( PARTITION BY "CEH"."ID_CV" ORDER BY                                                                                                                                                                                                                                       
              INTERNAL_FUNCTION("CEH"."END_DATE") DESC )<=1)                                                                                                                                                                                                                                                
   3 - access("CEH"."ID_TIT"="TIT"."ID_TIT")                                                                                                                                                                                                                                                                
   5 - access("CV"."PIN"="WR"."PIN")                                                                                                                                                                                                                                                                        
   6 - access("CV"."ID_CV"="CEH"."ID_CV")                                                                                                                                                                                                                                                                   
   8 - filter("CEH"."ID_TIT" IS NOT NULL)                                                                                                                                                                                                                                                                   
   9 - filter(("WR"."ID_WS"=1 OR "WR"."ID_WS"=2 OR "WR"."ID_WS"=3) AND "WR"."STATUS"='A')                                                                                                                                                                                                                   
                                                                                                                                                                                                                                                                                                            
Note                                                                                                                                                                                                                                                                                                        
-----                                                                                                                                                                                                                                                                                                       
   - this is an adaptive plan                                                                                                                                                                                                                                                                               


Statistics
----------------------------------------------------------                                                                                                                                                                                                                                                  
        211  recursive calls                                                                                                                                                                                                                                                                                
         17  db block gets                                                                                                                                                                                                                                                                                  
      35258  consistent gets                                                                                                                                                                                                                                                                                
      45424  physical reads                                                                                                                                                                                                                                                                                 
          0  redo size                                                                                                                                                                                                                                                                                      
       1070  bytes sent via SQL*Net to client                                                                                                                                                                                                                                                               
        608  bytes received via SQL*Net from client                                                                                                                                                                                                                                                         
          2  SQL*Net roundtrips to/from client                                                                                                                                                                                                                                                              
          0  sorts (memory)                                                                                                                                                                                                                                                                                 
          1  sorts (disk)                                                                                                                                                                                                                                                                                   
          1  rows processed                                                                                                                                                                                                                                                                                 


PL/SQL procedure successfully completed.

Elapsed: 00:00:10.01

PL/SQL procedure successfully completed.

Elapsed: 00:00:00.00

no rows selected

Elapsed: 00:00:24.63

Execution Plan
----------------------------------------------------------                                                                                                                                                                                                                                                  
Plan hash value: 1400962342                                                                                                                                                                                                                                                                                 
                                                                                                                                                                                                                                                                                                            
--------------------------------------------------------------------------------------------------------                                                                                                                                                                                                    
| Id  | Operation                 | Name               | Rows  | Bytes |TempSpc| Cost (%CPU)| Time     |                                                                                                                                                                                                    
--------------------------------------------------------------------------------------------------------                                                                                                                                                                                                    
|   0 | SELECT STATEMENT          |                    |  1063K|  1196M|       | 42065   (1)| 00:00:02 |                                                                                                                                                                                                    
|*  1 |  VIEW                     |                    |  1063K|  1196M|       | 42065   (1)| 00:00:02 |                                                                                                                                                                                                    
|*  2 |   WINDOW SORT PUSHED RANK |                    |  1063K|   104M|   115M| 42065   (1)| 00:00:02 |                                                                                                                                                                                                    
|*  3 |    HASH JOIN              |                    |  1063K|   104M|       | 17123   (1)| 00:00:01 |                                                                                                                                                                                                    
|   4 |     TABLE ACCESS FULL     | G_TITLE            |    29 |   290 |       |     3   (0)| 00:00:01 |                                                                                                                                                                                                    
|*  5 |     HASH JOIN             |                    |  1063K|    94M|    38M| 17116   (1)| 00:00:01 |                                                                                                                                                                                                    
|*  6 |      HASH JOIN            |                    |  1063K|    26M|    19M|  8097   (1)| 00:00:01 |                                                                                                                                                                                                    
|   7 |       INDEX FAST FULL SCAN| R_CV_PIN_ID_CV_IDX |   936K|  9145K|       |   724   (1)| 00:00:01 |                                                                                                                                                                                                    
|*  8 |       TABLE ACCESS FULL   | R_CV_EDU_HIST      |  1063K|    16M|       |  4976   (1)| 00:00:01 |                                                                                                                                                                                                    
|*  9 |      TABLE ACCESS FULL    | R_WORKER           |   936K|    59M|       |  3595   (1)| 00:00:01 |                                                                                                                                                                                                    
--------------------------------------------------------------------------------------------------------                                                                                                                                                                                                    
                                                                                                                                                                                                                                                                                                            
Predicate Information (identified by operation id):                                                                                                                                                                                                                                                         
---------------------------------------------------                                                                                                                                                                                                                                                         
                                                                                                                                                                                                                                                                                                            
   1 - filter("PIN"=TO_NUMBER(:PIN) AND "RWN"=1)                                                                                                                                                                                                                                                            
   2 - filter(ROW_NUMBER() OVER ( PARTITION BY "CEH"."ID_CV" ORDER BY                                                                                                                                                                                                                                       
              INTERNAL_FUNCTION("CEH"."END_DATE") DESC )<=1)                                                                                                                                                                                                                                                
   3 - access("CEH"."ID_TIT"="TIT"."ID_TIT")                                                                                                                                                                                                                                                                
   5 - access("CV"."PIN"="WR"."PIN")                                                                                                                                                                                                                                                                        
   6 - access("CV"."ID_CV"="CEH"."ID_CV")                                                                                                                                                                                                                                                                   
   8 - filter("CEH"."ID_TIT" IS NOT NULL)                                                                                                                                                                                                                                                                   
   9 - filter(("WR"."ID_WS"=1 OR "WR"."ID_WS"=2 OR "WR"."ID_WS"=3) AND "WR"."STATUS"='A')                                                                                                                                                                                                                   
                                                                                                                                                                                                                                                                                                            
Note                                                                                                                                                                                                                                                                                                        
-----                                                                                                                                                                                                                                                                                                       
   - this is an adaptive plan                                                                                                                                                                                                                                                                               


Statistics
----------------------------------------------------------                                                                                                                                                                                                                                                  
        211  recursive calls                                                                                                                                                                                                                                                                                
         17  db block gets                                                                                                                                                                                                                                                                                  
      35261  consistent gets                                                                                                                                                                                                                                                                                
      45426  physical reads                                                                                                                                                                                                                                                                                 
       2100  redo size                                                                                                                                                                                                                                                                                      
        806  bytes sent via SQL*Net to client                                                                                                                                                                                                                                                               
        597  bytes received via SQL*Net from client                                                                                                                                                                                                                                                         
          1  SQL*Net roundtrips to/from client                                                                                                                                                                                                                                                              
          0  sorts (memory)                                                                                                                                                                                                                                                                                 
          1  sorts (disk)                                                                                                                                                                                                                                                                                   
          0  rows processed                                                                                                                                                                                                                                                                                 


PL/SQL procedure successfully completed.

Elapsed: 00:00:10.01

PL/SQL procedure successfully completed.

Elapsed: 00:00:00.00

    PIN NAME                           SURNAME                                  DOB                EMAIL                                    GENDER            AGE TITLE                                                                                                                                     
------- ------------------------------ ---------------------------------------- ------------------ ---------------------------------------- ---------- ---------- --------                                                                                                                                  
  13493 JiĹ™ina                         KlĂˇĹˇterkovĂˇ                              10-JUL-85          jiĹ™ica-krĂˇĹˇseukovĂˇ@centrum.cz            Žena             34.6 -                                                                                                                                         

Elapsed: 00:00:27.19

Execution Plan
----------------------------------------------------------                                                                                                                                                                                                                                                  
Plan hash value: 1400962342                                                                                                                                                                                                                                                                                 
                                                                                                                                                                                                                                                                                                            
--------------------------------------------------------------------------------------------------------                                                                                                                                                                                                    
| Id  | Operation                 | Name               | Rows  | Bytes |TempSpc| Cost (%CPU)| Time     |                                                                                                                                                                                                    
--------------------------------------------------------------------------------------------------------                                                                                                                                                                                                    
|   0 | SELECT STATEMENT          |                    |  1063K|  1196M|       | 42065   (1)| 00:00:02 |                                                                                                                                                                                                    
|*  1 |  VIEW                     |                    |  1063K|  1196M|       | 42065   (1)| 00:00:02 |                                                                                                                                                                                                    
|*  2 |   WINDOW SORT PUSHED RANK |                    |  1063K|   104M|   115M| 42065   (1)| 00:00:02 |                                                                                                                                                                                                    
|*  3 |    HASH JOIN              |                    |  1063K|   104M|       | 17123   (1)| 00:00:01 |                                                                                                                                                                                                    
|   4 |     TABLE ACCESS FULL     | G_TITLE            |    29 |   290 |       |     3   (0)| 00:00:01 |                                                                                                                                                                                                    
|*  5 |     HASH JOIN             |                    |  1063K|    94M|    38M| 17116   (1)| 00:00:01 |                                                                                                                                                                                                    
|*  6 |      HASH JOIN            |                    |  1063K|    26M|    19M|  8097   (1)| 00:00:01 |                                                                                                                                                                                                    
|   7 |       INDEX FAST FULL SCAN| R_CV_PIN_ID_CV_IDX |   936K|  9145K|       |   724   (1)| 00:00:01 |                                                                                                                                                                                                    
|*  8 |       TABLE ACCESS FULL   | R_CV_EDU_HIST      |  1063K|    16M|       |  4976   (1)| 00:00:01 |                                                                                                                                                                                                    
|*  9 |      TABLE ACCESS FULL    | R_WORKER           |   936K|    59M|       |  3595   (1)| 00:00:01 |                                                                                                                                                                                                    
--------------------------------------------------------------------------------------------------------                                                                                                                                                                                                    
                                                                                                                                                                                                                                                                                                            
Predicate Information (identified by operation id):                                                                                                                                                                                                                                                         
---------------------------------------------------                                                                                                                                                                                                                                                         
                                                                                                                                                                                                                                                                                                            
   1 - filter("PIN"=TO_NUMBER(:PIN) AND "RWN"=1)                                                                                                                                                                                                                                                            
   2 - filter(ROW_NUMBER() OVER ( PARTITION BY "CEH"."ID_CV" ORDER BY                                                                                                                                                                                                                                       
              INTERNAL_FUNCTION("CEH"."END_DATE") DESC )<=1)                                                                                                                                                                                                                                                
   3 - access("CEH"."ID_TIT"="TIT"."ID_TIT")                                                                                                                                                                                                                                                                
   5 - access("CV"."PIN"="WR"."PIN")                                                                                                                                                                                                                                                                        
   6 - access("CV"."ID_CV"="CEH"."ID_CV")                                                                                                                                                                                                                                                                   
   8 - filter("CEH"."ID_TIT" IS NOT NULL)                                                                                                                                                                                                                                                                   
   9 - filter(("WR"."ID_WS"=1 OR "WR"."ID_WS"=2 OR "WR"."ID_WS"=3) AND "WR"."STATUS"='A')                                                                                                                                                                                                                   
                                                                                                                                                                                                                                                                                                            
Note                                                                                                                                                                                                                                                                                                        
-----                                                                                                                                                                                                                                                                                                       
   - this is an adaptive plan                                                                                                                                                                                                                                                                               


Statistics
----------------------------------------------------------                                                                                                                                                                                                                                                  
        211  recursive calls                                                                                                                                                                                                                                                                                
         17  db block gets                                                                                                                                                                                                                                                                                  
      35257  consistent gets                                                                                                                                                                                                                                                                                
      45427  physical reads                                                                                                                                                                                                                                                                                 
        936  redo size                                                                                                                                                                                                                                                                                      
       1082  bytes sent via SQL*Net to client                                                                                                                                                                                                                                                               
        608  bytes received via SQL*Net from client                                                                                                                                                                                                                                                         
          2  SQL*Net roundtrips to/from client                                                                                                                                                                                                                                                              
          0  sorts (memory)                                                                                                                                                                                                                                                                                 
          1  sorts (disk)                                                                                                                                                                                                                                                                                   
          1  rows processed                                                                                                                                                                                                                                                                                 


PL/SQL procedure successfully completed.

Elapsed: 00:00:10.00
