##############################################################
################## R_LOG Structures ##########################
##############################################################
###### - Referential Information System - ####################
############### - CREATE TABLE - #############################
################# - R_LOG - ##################################

Table created.


Comment created.


Comment created.


Comment created.


Comment created.


Comment created.


Comment created.


Comment created.


Warning: Procedure created with compilation errors.

################## R_GEN_CV ##################################

Package created.


Warning: Package Body created with compilation errors.

################## R_GEN_CV_ITEM #############################

Package created.


Warning: Package Body created with compilation errors.

################## R_GEN_WR_BY_ORG_PCK #######################

Package created.


Warning: Package Body created with compilation errors.

